<?xml version="1.0" encoding="UTF-8"?>
<!-- Generated by org.testng.reporters.JUnitXMLReporter -->
<testsuite hostname="jyotsna-PC" ignored="1" name="Personal loan" tests="10" failures="1" timestamp="2020-04-16T14:44:09 CDT" time="0.356" errors="0">
  <testcase name="MobileLogincarLoan" time="0.03" classname="test.day3"/>
  <testcase name="MobilesignoutcarLoan" time="0.009" classname="test.day3"/>
  <testcase name="Demo" time="0.077" classname="test.day1">
    <failure type="java.lang.AssertionError" message="expected [true] but found [false]">
      <![CDATA[java.lang.AssertionError: expected [true] but found [false]
at test.day1.Demo(day1.java:22)
at java.util.ArrayList.forEach(Unknown Source)
at java.util.concurrent.FutureTask.run(Unknown Source)
at java.util.concurrent.ThreadPoolExecutor.runWorker(Unknown Source)
at java.util.concurrent.ThreadPoolExecutor$Worker.run(Unknown Source)
at java.lang.Thread.run(Unknown Source)
... Removed 22 stack frames]]>
    </failure>
  </testcase> <!-- Demo -->
  <testcase name="MobilesignoutcarLoan" time="0.032" classname="test.day3"/>
  <testcase name="MobilesignoutcarLoan" time="0.005" classname="test.day3"/>
  <testcase name="ploan" time="0.008" classname="test.day2"/>
  <testcase name="LoginAPIHomeLoan" time="0.007" classname="test.day4"/>
  <testcase name="WebloginCarLoan" time="0.028" classname="test.day3"/>
  <testcase name="MobileLoginHomeLoan" time="0.009" classname="test.day4"/>
  <testcase name="WebloginHomeLoan" time="0.008" classname="test.day4"/>
  <testcase name="SecondTest" time="0.0" classname="test.day1">
    <ignored/>
  </testcase> <!-- SecondTest -->
</testsuite> <!-- Personal loan -->
